<?xml version="1.0" encoding="UTF-8"?>
<!-- Generated by org.testng.reporters.JUnitReportReporter -->
<testsuite skipped="0" hostname="DESKTOP-E93L1TT" name="annotation_5" tests="4" failures="0" timestamp="21 May 2020 23:27:40 GMT" time="0.014" errors="0">
  <testcase name="Abc" time="0.006" classname="annotation_5"/>
  <testcase name="Abc1" time="0.003" classname="annotation_5"/>
  <testcase name="ab1" time="0.002" classname="annotation_5"/>
  <testcase name="Ab1" time="0.003" classname="annotation_5"/>
</testsuite> <!-- annotation_5 -->
