<?xml version="1.0" encoding="UTF-8"?>
<!-- Generated by org.testng.reporters.JUnitReportReporter -->
<testsuite skipped="0" hostname="DESKTOP-E93L1TT" name="Demo_testNg.TC_Home" tests="2" failures="0" timestamp="22 May 2020 22:47:00 GMT" time="0.016" errors="0">
  <testcase name="TC_Home_01" time="0.014" classname="Demo_testNg.TC_Home"/>
  <testcase name="TC_Home_02" time="0.002" classname="Demo_testNg.TC_Home"/>
</testsuite> <!-- Demo_testNg.TC_Home -->
