<?xml version="1.0" encoding="UTF-8"?>
<!-- Generated by org.testng.reporters.JUnitReportReporter -->
<testsuite skipped="0" hostname="DESKTOP-E93L1TT" name="Demo_testNg.TC_Login" tests="2" failures="0" timestamp="22 May 2020 22:47:00 GMT" time="0.003" errors="0">
  <testcase name="Tc_Login_01" time="0.002" classname="Demo_testNg.TC_Login"/>
  <testcase name="Tc_Login_02" time="0.001" classname="Demo_testNg.TC_Login"/>
</testsuite> <!-- Demo_testNg.TC_Login -->
