<?xml version="1.0" encoding="UTF-8"?>
<!-- Generated by org.testng.reporters.JUnitReportReporter -->
<testsuite skipped="0" hostname="DESKTOP-E93L1TT" name="login.test1" tests="2" failures="0" timestamp="22 May 2020 16:47:55 GMT" time="24.202" errors="0">
  <testcase name="valid_credential" time="13.101" classname="login.test1"/>
  <testcase name="invalid_credential" time="11.101" classname="login.test1"/>
</testsuite> <!-- login.test1 -->
