<?xml version="1.0" encoding="UTF-8"?>
<!-- Generated by org.testng.reporters.JUnitReportReporter -->
<testsuite skipped="0" hostname="DESKTOP-E93L1TT" name="Demo_testNg.TC_Login_group" tests="1" failures="0" timestamp="10 Jun 2020 22:30:28 GMT" time="0.003" errors="0">
  <testcase name="Tc_Login_01" time="0.003" classname="Demo_testNg.TC_Login_group"/>
</testsuite> <!-- Demo_testNg.TC_Login_group -->
