<?xml version="1.0" encoding="UTF-8"?>
<!-- Generated by org.testng.reporters.JUnitReportReporter -->
<testsuite skipped="0" hostname="DESKTOP-E93L1TT" name="TC_Home" tests="2" failures="0" timestamp="22 May 2020 22:11:43 GMT" time="0.019" errors="0">
  <testcase name="TC_Home_02" time="0.006" classname="TC_Home"/>
  <testcase name="TC_Home_01" time="0.013" classname="TC_Home"/>
</testsuite> <!-- TC_Home -->
