<?xml version="1.0" encoding="UTF-8"?>
<!-- Generated by org.testng.reporters.JUnitReportReporter -->
<testsuite skipped="0" hostname="DESKTOP-E93L1TT" name="annotation_4" tests="2" failures="0" timestamp="21 May 2020 22:12:30 GMT" time="0.014" errors="0">
  <testcase name="abc" time="0.005" classname="annotation_4"/>
  <testcase name="Abc1" time="0.009" classname="annotation_4"/>
</testsuite> <!-- annotation_4 -->
