<?xml version="1.0" encoding="UTF-8"?>
<!-- Generated by org.testng.reporters.JUnitReportReporter -->
<testsuite skipped="0" hostname="DESKTOP-E93L1TT" name="login_test" tests="2" failures="0" timestamp="10 Jun 2020 22:36:59 GMT" time="24.622" errors="0">
  <testcase name="valid_credential" time="13.201" classname="login_test"/>
  <testcase name="invalid_credential" time="11.421" classname="login_test"/>
</testsuite> <!-- login_test -->
