<?xml version="1.0" encoding="UTF-8"?>
<!-- Generated by org.testng.reporters.JUnitReportReporter -->
<testsuite skipped="0" hostname="DESKTOP-E93L1TT" name="annotation_class" tests="2" failures="0" timestamp="21 May 2020 21:44:08 GMT" time="0.014" errors="0">
  <testcase name="m1" time="0.008" classname="annotation_class"/>
  <testcase name="m10" time="0.006" classname="annotation_class"/>
</testsuite> <!-- annotation_class -->
