<?xml version="1.0" encoding="UTF-8"?>
<!-- Generated by org.testng.reporters.JUnitReportReporter -->
<testsuite skipped="0" hostname="DESKTOP-E93L1TT" name="annotation_2" tests="3" failures="0" timestamp="21 May 2020 22:03:24 GMT" time="0.017" errors="0">
  <testcase name="A1m1" time="0.013" classname="annotation_2"/>
  <testcase name="am1" time="0.002" classname="annotation_2"/>
  <testcase name="a1m1" time="0.002" classname="annotation_2"/>
</testsuite> <!-- annotation_2 -->
