<?xml version="1.0" encoding="UTF-8"?>
<!-- Generated by org.testng.reporters.JUnitReportReporter -->
<testsuite skipped="0" hostname="DESKTOP-E93L1TT" name="Demo_testNg.Tc_Home_group" tests="1" failures="0" timestamp="10 Jun 2020 22:39:40 GMT" time="0.010" errors="0">
  <testcase name="TC_Home_01" time="0.010" classname="Demo_testNg.Tc_Home_group"/>
</testsuite> <!-- Demo_testNg.Tc_Home_group -->
